---------------------------------------------------------------
[ 2017-11-14T11:18:27+08:00 ] ::1 ::1 GET /
[ info ] localhost/ [运行时间：0.489627s][吞吐率：2.04req/s] [内存消耗：2,674.78kb] [文件加载：43]
[ info ] [ LANG ] E:\wamp\www\duduchuxing\thinkphp\lang\zh-cn.php
[ info ] [ ROUTE ] array (
  'type' => 'module',
  'module' => 
  array (
    0 => '',
    1 => NULL,
    2 => NULL,
  ),
)
[ info ] [ HEADER ] array (
  'host' => 'localhost',
  'connection' => 'keep-alive',
  'user-agent' => 'Mozilla/5.0 (Windows NT 10.0; Win64; x64) AppleWebKit/537.36 (KHTML, like Gecko) Chrome/61.0.3163.100 Safari/537.36',
  'upgrade-insecure-requests' => '1',
  'accept' => 'text/html,application/xhtml+xml,application/xml;q=0.9,image/webp,image/apng,*/*;q=0.8',
  'accept-encoding' => 'gzip, deflate, br',
  'accept-language' => 'zh-CN,zh;q=0.8,ja;q=0.6',
  'cookie' => 'pgv_pvi=4227248128',
)
[ info ] [ PARAM ] array (
)
[ info ] [ RUN ] app\index\controller\Index->index[ E:\wamp\www\duduchuxing\application\index\controller\Index.php ]
[ info ] [ LOG ] INIT File
---------------------------------------------------------------
[ 2017-11-14T11:18:42+08:00 ] ::1 ::1 GET /
[ info ] localhost/ [运行时间：0.433476s][吞吐率：2.31req/s] [内存消耗：2,675.41kb] [文件加载：43]
[ info ] [ LANG ] E:\wamp\www\duduchuxing\thinkphp\lang\zh-cn.php
[ info ] [ ROUTE ] array (
  'type' => 'module',
  'module' => 
  array (
    0 => '',
    1 => NULL,
    2 => NULL,
  ),
)
[ info ] [ HEADER ] array (
  'host' => 'localhost',
  'connection' => 'keep-alive',
  'cache-control' => 'max-age=0',
  'user-agent' => 'Mozilla/5.0 (Windows NT 10.0; Win64; x64) AppleWebKit/537.36 (KHTML, like Gecko) Chrome/61.0.3163.100 Safari/537.36',
  'upgrade-insecure-requests' => '1',
  'accept' => 'text/html,application/xhtml+xml,application/xml;q=0.9,image/webp,image/apng,*/*;q=0.8',
  'accept-encoding' => 'gzip, deflate, br',
  'accept-language' => 'zh-CN,zh;q=0.8,ja;q=0.6',
  'cookie' => 'pgv_pvi=4227248128; pgv_si=s3402989568; thinkphp_show_page_trace=0|0',
)
[ info ] [ PARAM ] array (
)
[ info ] [ RUN ] app\index\controller\Index->index[ E:\wamp\www\duduchuxing\application\index\controller\Index.php ]
[ info ] [ LOG ] INIT File
---------------------------------------------------------------
[ 2017-11-14T11:34:32+08:00 ] ::1 ::1 GET /
[ info ] localhost/ [运行时间：0.437852s][吞吐率：2.28req/s] [内存消耗：3,432.67kb] [文件加载：52]
[ info ] [ LANG ] E:\wamp\www\duduchuxing\thinkphp\lang\zh-cn.php
[ info ] [ ROUTE ] array (
  'type' => 'module',
  'module' => 
  array (
    0 => '',
    1 => NULL,
    2 => NULL,
  ),
)
[ info ] [ HEADER ] array (
  'host' => 'localhost',
  'connection' => 'keep-alive',
  'cache-control' => 'max-age=0',
  'user-agent' => 'Mozilla/5.0 (Windows NT 10.0; Win64; x64) AppleWebKit/537.36 (KHTML, like Gecko) Chrome/61.0.3163.100 Safari/537.36',
  'upgrade-insecure-requests' => '1',
  'accept' => 'text/html,application/xhtml+xml,application/xml;q=0.9,image/webp,image/apng,*/*;q=0.8',
  'accept-encoding' => 'gzip, deflate, br',
  'accept-language' => 'zh-CN,zh;q=0.8,ja;q=0.6',
  'cookie' => 'pgv_pvi=4227248128; pgv_si=s3402989568; thinkphp_show_page_trace=0|0',
)
[ info ] [ PARAM ] array (
)
[ info ] [ RUN ] app\index\controller\Index->index[ E:\wamp\www\duduchuxing\application\index\controller\Index.php ]
[ info ] [ VIEW ] E:\wamp\www\duduchuxing\public/../application/index\view\index\index.html [ array (
) ]
[ info ] [ LOG ] INIT File
---------------------------------------------------------------
[ 2017-11-14T11:34:49+08:00 ] ::1 ::1 GET /
[ info ] localhost/ [运行时间：0.146132s][吞吐率：6.84req/s] [内存消耗：3,271.21kb] [文件加载：53]
[ info ] [ LANG ] E:\wamp\www\duduchuxing\thinkphp\lang\zh-cn.php
[ info ] [ ROUTE ] array (
  'type' => 'module',
  'module' => 
  array (
    0 => '',
    1 => NULL,
    2 => NULL,
  ),
)
[ info ] [ HEADER ] array (
  'host' => 'localhost',
  'connection' => 'keep-alive',
  'cache-control' => 'max-age=0',
  'upgrade-insecure-requests' => '1',
  'user-agent' => 'Mozilla/5.0 (Windows NT 10.0; Win64; x64) AppleWebKit/537.36 (KHTML, like Gecko) Chrome/61.0.3163.100 Safari/537.36',
  'accept' => 'text/html,application/xhtml+xml,application/xml;q=0.9,image/webp,image/apng,*/*;q=0.8',
  'accept-encoding' => 'gzip, deflate, br',
  'accept-language' => 'zh-CN,zh;q=0.8,ja;q=0.6',
  'cookie' => 'pgv_pvi=4227248128; pgv_si=s3402989568; thinkphp_show_page_trace=0|0',
)
[ info ] [ PARAM ] array (
)
[ info ] [ RUN ] app\index\controller\Index->index[ E:\wamp\www\duduchuxing\application\index\controller\Index.php ]
[ info ] [ LOG ] INIT File
[ error ] [1]Call to undefined method app\index\controller\Index::fet1ch()[E:\wamp\www\duduchuxing\application\index\controller\Index.php:9]
---------------------------------------------------------------
[ 2017-11-14T11:35:31+08:00 ] ::1 ::1 GET /
[ info ] localhost/ [运行时间：1.534497s][吞吐率：0.65req/s] [内存消耗：3,184.48kb] [文件加载：50]
[ info ] [ LANG ] E:\wamp\www\duduchuxing\thinkphp\lang\zh-cn.php
[ info ] [ ROUTE ] array (
  'type' => 'module',
  'module' => 
  array (
    0 => '',
    1 => NULL,
    2 => NULL,
  ),
)
[ info ] [ HEADER ] array (
  'host' => 'localhost',
  'connection' => 'keep-alive',
  'cache-control' => 'max-age=0',
  'upgrade-insecure-requests' => '1',
  'user-agent' => 'Mozilla/5.0 (Windows NT 10.0; Win64; x64) AppleWebKit/537.36 (KHTML, like Gecko) Chrome/61.0.3163.100 Safari/537.36',
  'accept' => 'text/html,application/xhtml+xml,application/xml;q=0.9,image/webp,image/apng,*/*;q=0.8',
  'accept-encoding' => 'gzip, deflate, br',
  'accept-language' => 'zh-CN,zh;q=0.8,ja;q=0.6',
  'cookie' => 'pgv_pvi=4227248128; pgv_si=s3402989568; thinkphp_show_page_trace=0|0',
)
[ info ] [ PARAM ] array (
)
[ info ] [ RUN ] app\index\controller\Index->index[ E:\wamp\www\duduchuxing\application\index\controller\Index.php ]
[ info ] [ VIEW ] E:\wamp\www\duduchuxing\public/../application/index\view\index\index.html [ array (
) ]
[ info ] [ LOG ] INIT File
---------------------------------------------------------------
[ 2017-11-14T11:36:05+08:00 ] ::1 ::1 GET /
[ info ] localhost/ [运行时间：0.436390s][吞吐率：2.29req/s] [内存消耗：3,432.53kb] [文件加载：52]
[ info ] [ LANG ] E:\wamp\www\duduchuxing\thinkphp\lang\zh-cn.php
[ info ] [ ROUTE ] array (
  'type' => 'module',
  'module' => 
  array (
    0 => '',
    1 => NULL,
    2 => NULL,
  ),
)
[ info ] [ HEADER ] array (
  'host' => 'localhost',
  'connection' => 'keep-alive',
  'cache-control' => 'max-age=0',
  'upgrade-insecure-requests' => '1',
  'user-agent' => 'Mozilla/5.0 (Windows NT 10.0; Win64; x64) AppleWebKit/537.36 (KHTML, like Gecko) Chrome/61.0.3163.100 Safari/537.36',
  'accept' => 'text/html,application/xhtml+xml,application/xml;q=0.9,image/webp,image/apng,*/*;q=0.8',
  'accept-encoding' => 'gzip, deflate, br',
  'accept-language' => 'zh-CN,zh;q=0.8,ja;q=0.6',
  'cookie' => 'pgv_pvi=4227248128; pgv_si=s3402989568; thinkphp_show_page_trace=1|0',
)
[ info ] [ PARAM ] array (
)
[ info ] [ RUN ] app\index\controller\Index->index[ E:\wamp\www\duduchuxing\application\index\controller\Index.php ]
[ info ] [ VIEW ] E:\wamp\www\duduchuxing\public/../application/index\view\index\index.html [ array (
) ]
[ info ] [ LOG ] INIT File
---------------------------------------------------------------
[ 2017-11-14T11:36:14+08:00 ] ::1 ::1 GET /
[ info ] localhost/ [运行时间：0.449640s][吞吐率：2.22req/s] [内存消耗：3,432.53kb] [文件加载：52]
[ info ] [ LANG ] E:\wamp\www\duduchuxing\thinkphp\lang\zh-cn.php
[ info ] [ ROUTE ] array (
  'type' => 'module',
  'module' => 
  array (
    0 => '',
    1 => NULL,
    2 => NULL,
  ),
)
[ info ] [ HEADER ] array (
  'host' => 'localhost',
  'connection' => 'keep-alive',
  'cache-control' => 'max-age=0',
  'upgrade-insecure-requests' => '1',
  'user-agent' => 'Mozilla/5.0 (Windows NT 10.0; Win64; x64) AppleWebKit/537.36 (KHTML, like Gecko) Chrome/61.0.3163.100 Safari/537.36',
  'accept' => 'text/html,application/xhtml+xml,application/xml;q=0.9,image/webp,image/apng,*/*;q=0.8',
  'accept-encoding' => 'gzip, deflate, br',
  'accept-language' => 'zh-CN,zh;q=0.8,ja;q=0.6',
  'cookie' => 'pgv_pvi=4227248128; pgv_si=s3402989568; thinkphp_show_page_trace=1|0',
)
[ info ] [ PARAM ] array (
)
[ info ] [ RUN ] app\index\controller\Index->index[ E:\wamp\www\duduchuxing\application\index\controller\Index.php ]
[ info ] [ VIEW ] E:\wamp\www\duduchuxing\public/../application/index\view\index\index.html [ array (
) ]
[ info ] [ LOG ] INIT File
---------------------------------------------------------------
[ 2017-11-14T11:36:33+08:00 ] ::1 ::1 GET /
[ info ] localhost/ [运行时间：0.434067s][吞吐率：2.30req/s] [内存消耗：3,432.73kb] [文件加载：52]
[ info ] [ LANG ] E:\wamp\www\duduchuxing\thinkphp\lang\zh-cn.php
[ info ] [ ROUTE ] array (
  'type' => 'module',
  'module' => 
  array (
    0 => '',
    1 => NULL,
    2 => NULL,
  ),
)
[ info ] [ HEADER ] array (
  'host' => 'localhost',
  'connection' => 'keep-alive',
  'cache-control' => 'max-age=0',
  'upgrade-insecure-requests' => '1',
  'user-agent' => 'Mozilla/5.0 (Windows NT 10.0; Win64; x64) AppleWebKit/537.36 (KHTML, like Gecko) Chrome/61.0.3163.100 Safari/537.36',
  'accept' => 'text/html,application/xhtml+xml,application/xml;q=0.9,image/webp,image/apng,*/*;q=0.8',
  'accept-encoding' => 'gzip, deflate, br',
  'accept-language' => 'zh-CN,zh;q=0.8,ja;q=0.6',
  'cookie' => 'pgv_pvi=4227248128; pgv_si=s3402989568; thinkphp_show_page_trace=1|0',
)
[ info ] [ PARAM ] array (
)
[ info ] [ RUN ] app\index\controller\Index->index[ E:\wamp\www\duduchuxing\application\index\controller\Index.php ]
[ info ] [ VIEW ] E:\wamp\www\duduchuxing\public/../application/index\view\index\index.html [ array (
) ]
[ info ] [ LOG ] INIT File
---------------------------------------------------------------
[ 2017-11-14T11:36:34+08:00 ] ::1 ::1 GET /__ROOT__/static/bootstrap/css/bootstrap.min.css
[ info ] localhost/__ROOT__/static/bootstrap/css/bootstrap.min.css [运行时间：0.882026s][吞吐率：1.13req/s] [内存消耗：2,742.02kb] [文件加载：45]
[ info ] [ LANG ] E:\wamp\www\duduchuxing\thinkphp\lang\zh-cn.php
[ info ] [ ROUTE ] array (
  'type' => 'module',
  'module' => 
  array (
    0 => '__ROOT__',
    1 => 'static',
    2 => 'bootstrap',
  ),
)
[ info ] [ HEADER ] array (
  'host' => 'localhost',
  'connection' => 'keep-alive',
  'user-agent' => 'Mozilla/5.0 (Windows NT 10.0; Win64; x64) AppleWebKit/537.36 (KHTML, like Gecko) Chrome/61.0.3163.100 Safari/537.36',
  'accept' => 'text/css,*/*;q=0.1',
  'referer' => 'http://localhost/',
  'accept-encoding' => 'gzip, deflate, br',
  'accept-language' => 'zh-CN,zh;q=0.8,ja;q=0.6',
  'cookie' => 'pgv_pvi=4227248128; pgv_si=s3402989568; thinkphp_show_page_trace=1|0',
)
[ info ] [ PARAM ] array (
  'css' => 'bootstrap.min.css',
)
[ info ] [ LOG ] INIT File
---------------------------------------------------------------
[ 2017-11-14T11:37:25+08:00 ] ::1 ::1 GET /
[ info ] localhost/ [运行时间：0.452300s][吞吐率：2.21req/s] [内存消耗：3,432.63kb] [文件加载：52]
[ info ] [ LANG ] E:\wamp\www\duduchuxing\thinkphp\lang\zh-cn.php
[ info ] [ ROUTE ] array (
  'type' => 'module',
  'module' => 
  array (
    0 => '',
    1 => NULL,
    2 => NULL,
  ),
)
[ info ] [ HEADER ] array (
  'host' => 'localhost',
  'connection' => 'keep-alive',
  'cache-control' => 'max-age=0',
  'upgrade-insecure-requests' => '1',
  'user-agent' => 'Mozilla/5.0 (Windows NT 10.0; Win64; x64) AppleWebKit/537.36 (KHTML, like Gecko) Chrome/61.0.3163.100 Safari/537.36',
  'accept' => 'text/html,application/xhtml+xml,application/xml;q=0.9,image/webp,image/apng,*/*;q=0.8',
  'accept-encoding' => 'gzip, deflate, br',
  'accept-language' => 'zh-CN,zh;q=0.8,ja;q=0.6',
  'cookie' => 'pgv_pvi=4227248128; pgv_si=s3402989568; thinkphp_show_page_trace=1|0',
)
[ info ] [ PARAM ] array (
)
[ info ] [ RUN ] app\index\controller\Index->index[ E:\wamp\www\duduchuxing\application\index\controller\Index.php ]
[ info ] [ VIEW ] E:\wamp\www\duduchuxing\public/../application/index\view\index\index.html [ array (
) ]
[ info ] [ LOG ] INIT File
---------------------------------------------------------------
[ 2017-11-14T11:37:26+08:00 ] ::1 ::1 GET /__ROOT__/static/bootstrap/css/bootstrap.min.css
[ info ] localhost/__ROOT__/static/bootstrap/css/bootstrap.min.css [运行时间：0.829120s][吞吐率：1.21req/s] [内存消耗：2,742.02kb] [文件加载：45]
[ info ] [ LANG ] E:\wamp\www\duduchuxing\thinkphp\lang\zh-cn.php
[ info ] [ ROUTE ] array (
  'type' => 'module',
  'module' => 
  array (
    0 => '__ROOT__',
    1 => 'static',
    2 => 'bootstrap',
  ),
)
[ info ] [ HEADER ] array (
  'host' => 'localhost',
  'connection' => 'keep-alive',
  'user-agent' => 'Mozilla/5.0 (Windows NT 10.0; Win64; x64) AppleWebKit/537.36 (KHTML, like Gecko) Chrome/61.0.3163.100 Safari/537.36',
  'accept' => 'text/css,*/*;q=0.1',
  'referer' => 'http://localhost/',
  'accept-encoding' => 'gzip, deflate, br',
  'accept-language' => 'zh-CN,zh;q=0.8,ja;q=0.6',
  'cookie' => 'pgv_pvi=4227248128; pgv_si=s3402989568; thinkphp_show_page_trace=1|0',
)
[ info ] [ PARAM ] array (
  'css' => 'bootstrap.min.css',
)
[ info ] [ LOG ] INIT File
---------------------------------------------------------------
[ 2017-11-14T11:40:22+08:00 ] ::1 ::1 GET /
[ info ] localhost/ [运行时间：0.443461s][吞吐率：2.25req/s] [内存消耗：3,432.67kb] [文件加载：52]
[ info ] [ LANG ] E:\wamp\www\duduchuxing\thinkphp\lang\zh-cn.php
[ info ] [ ROUTE ] array (
  'type' => 'module',
  'module' => 
  array (
    0 => '',
    1 => NULL,
    2 => NULL,
  ),
)
[ info ] [ HEADER ] array (
  'host' => 'localhost',
  'connection' => 'keep-alive',
  'cache-control' => 'max-age=0',
  'upgrade-insecure-requests' => '1',
  'user-agent' => 'Mozilla/5.0 (Windows NT 10.0; Win64; x64) AppleWebKit/537.36 (KHTML, like Gecko) Chrome/61.0.3163.100 Safari/537.36',
  'accept' => 'text/html,application/xhtml+xml,application/xml;q=0.9,image/webp,image/apng,*/*;q=0.8',
  'accept-encoding' => 'gzip, deflate, br',
  'accept-language' => 'zh-CN,zh;q=0.8,ja;q=0.6',
  'cookie' => 'pgv_pvi=4227248128; pgv_si=s3402989568; thinkphp_show_page_trace=1|0',
)
[ info ] [ PARAM ] array (
)
[ info ] [ RUN ] app\index\controller\Index->index[ E:\wamp\www\duduchuxing\application\index\controller\Index.php ]
[ info ] [ VIEW ] E:\wamp\www\duduchuxing\public/../application/index\view\index\index.html [ array (
) ]
[ info ] [ LOG ] INIT File
---------------------------------------------------------------
[ 2017-11-14T11:40:24+08:00 ] ::1 ::1 GET /__ROOT__/static/bootstrap/css/bootstrap-theme.min.css
[ info ] localhost/__ROOT__/static/bootstrap/css/bootstrap-theme.min.css [运行时间：0.832477s][吞吐率：1.20req/s] [内存消耗：2,742.10kb] [文件加载：45]
[ info ] [ LANG ] E:\wamp\www\duduchuxing\thinkphp\lang\zh-cn.php
[ info ] [ ROUTE ] array (
  'type' => 'module',
  'module' => 
  array (
    0 => '__ROOT__',
    1 => 'static',
    2 => 'bootstrap',
  ),
)
[ info ] [ HEADER ] array (
  'host' => 'localhost',
  'connection' => 'keep-alive',
  'user-agent' => 'Mozilla/5.0 (Windows NT 10.0; Win64; x64) AppleWebKit/537.36 (KHTML, like Gecko) Chrome/61.0.3163.100 Safari/537.36',
  'accept' => 'text/css,*/*;q=0.1',
  'referer' => 'http://localhost/',
  'accept-encoding' => 'gzip, deflate, br',
  'accept-language' => 'zh-CN,zh;q=0.8,ja;q=0.6',
  'cookie' => 'pgv_pvi=4227248128; pgv_si=s3402989568; thinkphp_show_page_trace=1|0',
)
[ info ] [ PARAM ] array (
  'css' => 'bootstrap-theme.min.css',
)
[ info ] [ LOG ] INIT File
---------------------------------------------------------------
[ 2017-11-14T11:42:56+08:00 ] ::1 ::1 GET /
[ info ] localhost/ [运行时间：0.436514s][吞吐率：2.29req/s] [内存消耗：3,184.66kb] [文件加载：50]
[ info ] [ LANG ] E:\wamp\www\duduchuxing\thinkphp\lang\zh-cn.php
[ info ] [ ROUTE ] array (
  'type' => 'module',
  'module' => 
  array (
    0 => '',
    1 => NULL,
    2 => NULL,
  ),
)
[ info ] [ HEADER ] array (
  'host' => 'localhost',
  'connection' => 'keep-alive',
  'cache-control' => 'max-age=0',
  'upgrade-insecure-requests' => '1',
  'user-agent' => 'Mozilla/5.0 (Windows NT 10.0; Win64; x64) AppleWebKit/537.36 (KHTML, like Gecko) Chrome/61.0.3163.100 Safari/537.36',
  'accept' => 'text/html,application/xhtml+xml,application/xml;q=0.9,image/webp,image/apng,*/*;q=0.8',
  'accept-encoding' => 'gzip, deflate, br',
  'accept-language' => 'zh-CN,zh;q=0.8,ja;q=0.6',
  'cookie' => 'pgv_pvi=4227248128; pgv_si=s3402989568; thinkphp_show_page_trace=1|0',
)
[ info ] [ PARAM ] array (
)
[ info ] [ RUN ] app\index\controller\Index->index[ E:\wamp\www\duduchuxing\application\index\controller\Index.php ]
[ info ] [ VIEW ] E:\wamp\www\duduchuxing\public/../application/index\view\index\index.html [ array (
) ]
[ info ] [ LOG ] INIT File
---------------------------------------------------------------
[ 2017-11-14T11:42:57+08:00 ] ::1 ::1 GET /__ROOT__/static/bootstrap/css/bootstrap-theme.min.css
[ info ] localhost/__ROOT__/static/bootstrap/css/bootstrap-theme.min.css [运行时间：0.833983s][吞吐率：1.20req/s] [内存消耗：2,742.10kb] [文件加载：45]
[ info ] [ LANG ] E:\wamp\www\duduchuxing\thinkphp\lang\zh-cn.php
[ info ] [ ROUTE ] array (
  'type' => 'module',
  'module' => 
  array (
    0 => '__ROOT__',
    1 => 'static',
    2 => 'bootstrap',
  ),
)
[ info ] [ HEADER ] array (
  'host' => 'localhost',
  'connection' => 'keep-alive',
  'user-agent' => 'Mozilla/5.0 (Windows NT 10.0; Win64; x64) AppleWebKit/537.36 (KHTML, like Gecko) Chrome/61.0.3163.100 Safari/537.36',
  'accept' => 'text/css,*/*;q=0.1',
  'referer' => 'http://localhost/',
  'accept-encoding' => 'gzip, deflate, br',
  'accept-language' => 'zh-CN,zh;q=0.8,ja;q=0.6',
  'cookie' => 'pgv_pvi=4227248128; pgv_si=s3402989568; thinkphp_show_page_trace=1|0',
)
[ info ] [ PARAM ] array (
  'css' => 'bootstrap-theme.min.css',
)
[ info ] [ LOG ] INIT File
---------------------------------------------------------------
[ 2017-11-14T11:43:53+08:00 ] ::1 ::1 GET /
[ info ] localhost/ [运行时间：0.432850s][吞吐率：2.31req/s] [内存消耗：3,184.59kb] [文件加载：50]
[ info ] [ LANG ] E:\wamp\www\duduchuxing\thinkphp\lang\zh-cn.php
[ info ] [ ROUTE ] array (
  'type' => 'module',
  'module' => 
  array (
    0 => '',
    1 => NULL,
    2 => NULL,
  ),
)
[ info ] [ HEADER ] array (
  'host' => 'localhost',
  'connection' => 'keep-alive',
  'cache-control' => 'max-age=0',
  'upgrade-insecure-requests' => '1',
  'user-agent' => 'Mozilla/5.0 (Windows NT 10.0; Win64; x64) AppleWebKit/537.36 (KHTML, like Gecko) Chrome/61.0.3163.100 Safari/537.36',
  'accept' => 'text/html,application/xhtml+xml,application/xml;q=0.9,image/webp,image/apng,*/*;q=0.8',
  'accept-encoding' => 'gzip, deflate, br',
  'accept-language' => 'zh-CN,zh;q=0.8,ja;q=0.6',
  'cookie' => 'pgv_pvi=4227248128; pgv_si=s3402989568; thinkphp_show_page_trace=1|0',
)
[ info ] [ PARAM ] array (
)
[ info ] [ RUN ] app\index\controller\Index->index[ E:\wamp\www\duduchuxing\application\index\controller\Index.php ]
[ info ] [ VIEW ] E:\wamp\www\duduchuxing\public/../application/index\view\index\index.html [ array (
) ]
[ info ] [ LOG ] INIT File
---------------------------------------------------------------
[ 2017-11-14T11:43:54+08:00 ] ::1 ::1 GET /__ROOT__/static/bootstrap/css/bootstrap-theme.min.css
[ info ] localhost/__ROOT__/static/bootstrap/css/bootstrap-theme.min.css [运行时间：0.844730s][吞吐率：1.18req/s] [内存消耗：2,742.25kb] [文件加载：45]
[ info ] [ LANG ] E:\wamp\www\duduchuxing\thinkphp\lang\zh-cn.php
[ info ] [ ROUTE ] array (
  'type' => 'module',
  'module' => 
  array (
    0 => '__ROOT__',
    1 => 'static',
    2 => 'bootstrap',
  ),
)
[ info ] [ HEADER ] array (
  'host' => 'localhost',
  'connection' => 'keep-alive',
  'user-agent' => 'Mozilla/5.0 (Windows NT 10.0; Win64; x64) AppleWebKit/537.36 (KHTML, like Gecko) Chrome/61.0.3163.100 Safari/537.36',
  'accept' => 'text/css,*/*;q=0.1',
  'referer' => 'http://localhost/',
  'accept-encoding' => 'gzip, deflate, br',
  'accept-language' => 'zh-CN,zh;q=0.8,ja;q=0.6',
  'cookie' => 'pgv_pvi=4227248128; pgv_si=s3402989568; thinkphp_show_page_trace=1|0',
)
[ info ] [ PARAM ] array (
  'css' => 'bootstrap-theme.min.css',
)
[ info ] [ LOG ] INIT File
---------------------------------------------------------------
[ 2017-11-14T11:46:20+08:00 ] ::1 ::1 GET /
[ info ] localhost/ [运行时间：0.435183s][吞吐率：2.30req/s] [内存消耗：3,184.76kb] [文件加载：50]
[ info ] [ LANG ] E:\wamp\www\duduchuxing\thinkphp\lang\zh-cn.php
[ info ] [ ROUTE ] array (
  'type' => 'module',
  'module' => 
  array (
    0 => '',
    1 => NULL,
    2 => NULL,
  ),
)
[ info ] [ HEADER ] array (
  'host' => 'localhost',
  'connection' => 'keep-alive',
  'cache-control' => 'max-age=0',
  'upgrade-insecure-requests' => '1',
  'user-agent' => 'Mozilla/5.0 (Windows NT 10.0; Win64; x64) AppleWebKit/537.36 (KHTML, like Gecko) Chrome/61.0.3163.100 Safari/537.36',
  'accept' => 'text/html,application/xhtml+xml,application/xml;q=0.9,image/webp,image/apng,*/*;q=0.8',
  'accept-encoding' => 'gzip, deflate, br',
  'accept-language' => 'zh-CN,zh;q=0.8,ja;q=0.6',
  'cookie' => 'pgv_pvi=4227248128; pgv_si=s3402989568; thinkphp_show_page_trace=1|0',
)
[ info ] [ PARAM ] array (
)
[ info ] [ RUN ] app\index\controller\Index->index[ E:\wamp\www\duduchuxing\application\index\controller\Index.php ]
[ info ] [ VIEW ] E:\wamp\www\duduchuxing\public/../application/index\view\index\index.html [ array (
) ]
[ info ] [ LOG ] INIT File
---------------------------------------------------------------
[ 2017-11-14T11:46:22+08:00 ] ::1 ::1 GET /static/bootstrap/css/bootstrap-theme.min.css.map
[ info ] localhost/static/bootstrap/css/bootstrap-theme.min.css.map [运行时间：0.832983s][吞吐率：1.20req/s] [内存消耗：2,741.27kb] [文件加载：45]
[ info ] [ LANG ] E:\wamp\www\duduchuxing\thinkphp\lang\zh-cn.php
[ info ] [ ROUTE ] array (
  'type' => 'module',
  'module' => 
  array (
    0 => 'static',
    1 => 'bootstrap',
    2 => 'css',
  ),
)
[ info ] [ HEADER ] array (
  'host' => 'localhost',
  'connection' => 'keep-alive',
  'user-agent' => 'Mozilla/5.0 (Windows NT 10.0; Win64; x64) AppleWebKit/537.36 (KHTML, like Gecko) Chrome/61.0.3163.100 Safari/537.36',
  'accept-encoding' => 'gzip, deflate, br',
  'accept-language' => 'zh-CN,zh;q=0.8,ja;q=0.6',
  'cookie' => 'pgv_pvi=4227248128; pgv_si=s3402989568; thinkphp_show_page_trace=1|0',
)
[ info ] [ PARAM ] array (
)
[ info ] [ LOG ] INIT File
---------------------------------------------------------------
[ 2017-11-14T11:48:23+08:00 ] ::1 ::1 GET /
[ info ] localhost/ [运行时间：0.442591s][吞吐率：2.26req/s] [内存消耗：3,184.68kb] [文件加载：50]
[ info ] [ LANG ] E:\wamp\www\duduchuxing\thinkphp\lang\zh-cn.php
[ info ] [ ROUTE ] array (
  'type' => 'module',
  'module' => 
  array (
    0 => '',
    1 => NULL,
    2 => NULL,
  ),
)
[ info ] [ HEADER ] array (
  'host' => 'localhost',
  'connection' => 'keep-alive',
  'cache-control' => 'max-age=0',
  'upgrade-insecure-requests' => '1',
  'user-agent' => 'Mozilla/5.0 (Windows NT 10.0; Win64; x64) AppleWebKit/537.36 (KHTML, like Gecko) Chrome/61.0.3163.100 Safari/537.36',
  'accept' => 'text/html,application/xhtml+xml,application/xml;q=0.9,image/webp,image/apng,*/*;q=0.8',
  'accept-encoding' => 'gzip, deflate, br',
  'accept-language' => 'zh-CN,zh;q=0.8,ja;q=0.6',
  'cookie' => 'pgv_pvi=4227248128; pgv_si=s3402989568; thinkphp_show_page_trace=1|0',
)
[ info ] [ PARAM ] array (
)
[ info ] [ RUN ] app\index\controller\Index->index[ E:\wamp\www\duduchuxing\application\index\controller\Index.php ]
[ info ] [ VIEW ] E:\wamp\www\duduchuxing\public/../application/index\view\index\index.html [ array (
) ]
[ info ] [ LOG ] INIT File
---------------------------------------------------------------
[ 2017-11-14T11:48:25+08:00 ] ::1 ::1 GET /static/bootstrap/css/bootstrap-theme.min.css.map
[ info ] localhost/static/bootstrap/css/bootstrap-theme.min.css.map [运行时间：0.845984s][吞吐率：1.18req/s] [内存消耗：2,741.26kb] [文件加载：45]
[ info ] [ LANG ] E:\wamp\www\duduchuxing\thinkphp\lang\zh-cn.php
[ info ] [ ROUTE ] array (
  'type' => 'module',
  'module' => 
  array (
    0 => 'static',
    1 => 'bootstrap',
    2 => 'css',
  ),
)
[ info ] [ HEADER ] array (
  'host' => 'localhost',
  'connection' => 'keep-alive',
  'user-agent' => 'Mozilla/5.0 (Windows NT 10.0; Win64; x64) AppleWebKit/537.36 (KHTML, like Gecko) Chrome/61.0.3163.100 Safari/537.36',
  'accept-encoding' => 'gzip, deflate, br',
  'accept-language' => 'zh-CN,zh;q=0.8,ja;q=0.6',
  'cookie' => 'pgv_pvi=4227248128; pgv_si=s3402989568; thinkphp_show_page_trace=1|0',
)
[ info ] [ PARAM ] array (
)
[ info ] [ LOG ] INIT File
---------------------------------------------------------------
[ 2017-11-14T11:48:41+08:00 ] ::1 ::1 GET /
[ info ] localhost/ [运行时间：0.435862s][吞吐率：2.29req/s] [内存消耗：3,432.81kb] [文件加载：52]
[ info ] [ LANG ] E:\wamp\www\duduchuxing\thinkphp\lang\zh-cn.php
[ info ] [ ROUTE ] array (
  'type' => 'module',
  'module' => 
  array (
    0 => '',
    1 => NULL,
    2 => NULL,
  ),
)
[ info ] [ HEADER ] array (
  'host' => 'localhost',
  'connection' => 'keep-alive',
  'cache-control' => 'max-age=0',
  'upgrade-insecure-requests' => '1',
  'user-agent' => 'Mozilla/5.0 (Windows NT 10.0; Win64; x64) AppleWebKit/537.36 (KHTML, like Gecko) Chrome/61.0.3163.100 Safari/537.36',
  'accept' => 'text/html,application/xhtml+xml,application/xml;q=0.9,image/webp,image/apng,*/*;q=0.8',
  'accept-encoding' => 'gzip, deflate, br',
  'accept-language' => 'zh-CN,zh;q=0.8,ja;q=0.6',
  'cookie' => 'pgv_pvi=4227248128; pgv_si=s3402989568; thinkphp_show_page_trace=1|0',
)
[ info ] [ PARAM ] array (
)
[ info ] [ RUN ] app\index\controller\Index->index[ E:\wamp\www\duduchuxing\application\index\controller\Index.php ]
[ info ] [ VIEW ] E:\wamp\www\duduchuxing\public/../application/index\view\index\index.html [ array (
) ]
[ info ] [ LOG ] INIT File
---------------------------------------------------------------
[ 2017-11-14T11:48:42+08:00 ] ::1 ::1 GET /static/bootstrap/css/bootstrap.min.css.map
[ info ] localhost/static/bootstrap/css/bootstrap.min.css.map [运行时间：0.832319s][吞吐率：1.20req/s] [内存消耗：2,741.23kb] [文件加载：45]
[ info ] [ LANG ] E:\wamp\www\duduchuxing\thinkphp\lang\zh-cn.php
[ info ] [ ROUTE ] array (
  'type' => 'module',
  'module' => 
  array (
    0 => 'static',
    1 => 'bootstrap',
    2 => 'css',
  ),
)
[ info ] [ HEADER ] array (
  'host' => 'localhost',
  'connection' => 'keep-alive',
  'user-agent' => 'Mozilla/5.0 (Windows NT 10.0; Win64; x64) AppleWebKit/537.36 (KHTML, like Gecko) Chrome/61.0.3163.100 Safari/537.36',
  'accept-encoding' => 'gzip, deflate, br',
  'accept-language' => 'zh-CN,zh;q=0.8,ja;q=0.6',
  'cookie' => 'pgv_pvi=4227248128; pgv_si=s3402989568; thinkphp_show_page_trace=1|0',
)
[ info ] [ PARAM ] array (
)
[ info ] [ LOG ] INIT File
---------------------------------------------------------------
[ 2017-11-14T11:49:47+08:00 ] ::1 ::1 GET /
[ info ] localhost/ [运行时间：0.429529s][吞吐率：2.33req/s] [内存消耗：3,184.25kb] [文件加载：50]
[ info ] [ LANG ] E:\wamp\www\duduchuxing\thinkphp\lang\zh-cn.php
[ info ] [ ROUTE ] array (
  'type' => 'module',
  'module' => 
  array (
    0 => '',
    1 => NULL,
    2 => NULL,
  ),
)
[ info ] [ HEADER ] array (
  'host' => 'localhost',
  'connection' => 'keep-alive',
  'user-agent' => 'Mozilla/5.0 (Windows NT 10.0; Win64; x64) AppleWebKit/537.36 (KHTML, like Gecko) Chrome/61.0.3163.100 Safari/537.36',
  'upgrade-insecure-requests' => '1',
  'accept' => 'text/html,application/xhtml+xml,application/xml;q=0.9,image/webp,image/apng,*/*;q=0.8',
  'accept-encoding' => 'gzip, deflate, br',
  'accept-language' => 'zh-CN,zh;q=0.8,ja;q=0.6',
  'cookie' => 'pgv_pvi=4227248128; pgv_si=s3402989568; thinkphp_show_page_trace=1|0',
)
[ info ] [ PARAM ] array (
)
[ info ] [ RUN ] app\index\controller\Index->index[ E:\wamp\www\duduchuxing\application\index\controller\Index.php ]
[ info ] [ VIEW ] E:\wamp\www\duduchuxing\public/../application/index\view\index\index.html [ array (
) ]
[ info ] [ LOG ] INIT File
---------------------------------------------------------------
[ 2017-11-14T11:49:52+08:00 ] ::1 ::1 GET /static/bootstrap/css/bootstrap.min.css.map
[ info ] localhost/static/bootstrap/css/bootstrap.min.css.map [运行时间：0.830594s][吞吐率：1.20req/s] [内存消耗：2,741.23kb] [文件加载：45]
[ info ] [ LANG ] E:\wamp\www\duduchuxing\thinkphp\lang\zh-cn.php
[ info ] [ ROUTE ] array (
  'type' => 'module',
  'module' => 
  array (
    0 => 'static',
    1 => 'bootstrap',
    2 => 'css',
  ),
)
[ info ] [ HEADER ] array (
  'host' => 'localhost',
  'connection' => 'keep-alive',
  'user-agent' => 'Mozilla/5.0 (Windows NT 10.0; Win64; x64) AppleWebKit/537.36 (KHTML, like Gecko) Chrome/61.0.3163.100 Safari/537.36',
  'accept-encoding' => 'gzip, deflate, br',
  'accept-language' => 'zh-CN,zh;q=0.8,ja;q=0.6',
  'cookie' => 'pgv_pvi=4227248128; pgv_si=s3402989568; thinkphp_show_page_trace=1|0',
)
[ info ] [ PARAM ] array (
)
[ info ] [ LOG ] INIT File
---------------------------------------------------------------
[ 2017-11-14T11:52:19+08:00 ] ::1 ::1 GET /
[ info ] localhost/ [运行时间：0.436748s][吞吐率：2.29req/s] [内存消耗：3,433.63kb] [文件加载：52]
[ info ] [ LANG ] E:\wamp\www\duduchuxing\thinkphp\lang\zh-cn.php
[ info ] [ ROUTE ] array (
  'type' => 'module',
  'module' => 
  array (
    0 => '',
    1 => NULL,
    2 => NULL,
  ),
)
[ info ] [ HEADER ] array (
  'host' => 'localhost',
  'connection' => 'keep-alive',
  'cache-control' => 'max-age=0',
  'upgrade-insecure-requests' => '1',
  'user-agent' => 'Mozilla/5.0 (Windows NT 10.0; Win64; x64) AppleWebKit/537.36 (KHTML, like Gecko) Chrome/61.0.3163.100 Safari/537.36',
  'accept' => 'text/html,application/xhtml+xml,application/xml;q=0.9,image/webp,image/apng,*/*;q=0.8',
  'accept-encoding' => 'gzip, deflate, br',
  'accept-language' => 'zh-CN,zh;q=0.8,ja;q=0.6',
  'cookie' => 'pgv_pvi=4227248128; pgv_si=s3402989568; thinkphp_show_page_trace=1|0',
)
[ info ] [ PARAM ] array (
)
[ info ] [ RUN ] app\index\controller\Index->index[ E:\wamp\www\duduchuxing\application\index\controller\Index.php ]
[ info ] [ VIEW ] E:\wamp\www\duduchuxing\public/../application/index\view\index\index.html [ array (
) ]
[ info ] [ LOG ] INIT File
---------------------------------------------------------------
[ 2017-11-14T11:52:20+08:00 ] ::1 ::1 GET /static/bootstrap/css/bootstrap.min.css.map
[ info ] localhost/static/bootstrap/css/bootstrap.min.css.map [运行时间：0.836438s][吞吐率：1.20req/s] [内存消耗：2,741.23kb] [文件加载：45]
[ info ] [ LANG ] E:\wamp\www\duduchuxing\thinkphp\lang\zh-cn.php
[ info ] [ ROUTE ] array (
  'type' => 'module',
  'module' => 
  array (
    0 => 'static',
    1 => 'bootstrap',
    2 => 'css',
  ),
)
[ info ] [ HEADER ] array (
  'host' => 'localhost',
  'connection' => 'keep-alive',
  'user-agent' => 'Mozilla/5.0 (Windows NT 10.0; Win64; x64) AppleWebKit/537.36 (KHTML, like Gecko) Chrome/61.0.3163.100 Safari/537.36',
  'accept-encoding' => 'gzip, deflate, br',
  'accept-language' => 'zh-CN,zh;q=0.8,ja;q=0.6',
  'cookie' => 'pgv_pvi=4227248128; pgv_si=s3402989568; thinkphp_show_page_trace=1|0',
)
[ info ] [ PARAM ] array (
)
[ info ] [ LOG ] INIT File
---------------------------------------------------------------
[ 2017-11-14T11:52:33+08:00 ] ::1 ::1 GET /
[ info ] localhost/ [运行时间：0.433582s][吞吐率：2.31req/s] [内存消耗：3,433.71kb] [文件加载：52]
[ info ] [ LANG ] E:\wamp\www\duduchuxing\thinkphp\lang\zh-cn.php
[ info ] [ ROUTE ] array (
  'type' => 'module',
  'module' => 
  array (
    0 => '',
    1 => NULL,
    2 => NULL,
  ),
)
[ info ] [ HEADER ] array (
  'host' => 'localhost',
  'connection' => 'keep-alive',
  'cache-control' => 'max-age=0',
  'upgrade-insecure-requests' => '1',
  'user-agent' => 'Mozilla/5.0 (Windows NT 10.0; Win64; x64) AppleWebKit/537.36 (KHTML, like Gecko) Chrome/61.0.3163.100 Safari/537.36',
  'accept' => 'text/html,application/xhtml+xml,application/xml;q=0.9,image/webp,image/apng,*/*;q=0.8',
  'accept-encoding' => 'gzip, deflate, br',
  'accept-language' => 'zh-CN,zh;q=0.8,ja;q=0.6',
  'cookie' => 'pgv_pvi=4227248128; pgv_si=s3402989568; thinkphp_show_page_trace=1|0',
)
[ info ] [ PARAM ] array (
)
[ info ] [ RUN ] app\index\controller\Index->index[ E:\wamp\www\duduchuxing\application\index\controller\Index.php ]
[ info ] [ VIEW ] E:\wamp\www\duduchuxing\public/../application/index\view\index\index.html [ array (
) ]
[ info ] [ LOG ] INIT File
---------------------------------------------------------------
[ 2017-11-14T11:52:34+08:00 ] ::1 ::1 GET /static/bootstrap/css/bootstrap.min.css.map
[ info ] localhost/static/bootstrap/css/bootstrap.min.css.map [运行时间：0.831486s][吞吐率：1.20req/s] [内存消耗：2,741.23kb] [文件加载：45]
[ info ] [ LANG ] E:\wamp\www\duduchuxing\thinkphp\lang\zh-cn.php
[ info ] [ ROUTE ] array (
  'type' => 'module',
  'module' => 
  array (
    0 => 'static',
    1 => 'bootstrap',
    2 => 'css',
  ),
)
[ info ] [ HEADER ] array (
  'host' => 'localhost',
  'connection' => 'keep-alive',
  'user-agent' => 'Mozilla/5.0 (Windows NT 10.0; Win64; x64) AppleWebKit/537.36 (KHTML, like Gecko) Chrome/61.0.3163.100 Safari/537.36',
  'accept-encoding' => 'gzip, deflate, br',
  'accept-language' => 'zh-CN,zh;q=0.8,ja;q=0.6',
  'cookie' => 'pgv_pvi=4227248128; pgv_si=s3402989568; thinkphp_show_page_trace=1|0',
)
[ info ] [ PARAM ] array (
)
[ info ] [ LOG ] INIT File
---------------------------------------------------------------
[ 2017-11-14T11:52:36+08:00 ] ::1 ::1 GET /
[ info ] localhost/ [运行时间：0.435069s][吞吐率：2.30req/s] [内存消耗：3,184.77kb] [文件加载：50]
[ info ] [ LANG ] E:\wamp\www\duduchuxing\thinkphp\lang\zh-cn.php
[ info ] [ ROUTE ] array (
  'type' => 'module',
  'module' => 
  array (
    0 => '',
    1 => NULL,
    2 => NULL,
  ),
)
[ info ] [ HEADER ] array (
  'host' => 'localhost',
  'connection' => 'keep-alive',
  'cache-control' => 'max-age=0',
  'upgrade-insecure-requests' => '1',
  'user-agent' => 'Mozilla/5.0 (Windows NT 10.0; Win64; x64) AppleWebKit/537.36 (KHTML, like Gecko) Chrome/61.0.3163.100 Safari/537.36',
  'accept' => 'text/html,application/xhtml+xml,application/xml;q=0.9,image/webp,image/apng,*/*;q=0.8',
  'accept-encoding' => 'gzip, deflate, br',
  'accept-language' => 'zh-CN,zh;q=0.8,ja;q=0.6',
  'cookie' => 'pgv_pvi=4227248128; pgv_si=s3402989568; thinkphp_show_page_trace=1|0',
)
[ info ] [ PARAM ] array (
)
[ info ] [ RUN ] app\index\controller\Index->index[ E:\wamp\www\duduchuxing\application\index\controller\Index.php ]
[ info ] [ VIEW ] E:\wamp\www\duduchuxing\public/../application/index\view\index\index.html [ array (
) ]
[ info ] [ LOG ] INIT File
---------------------------------------------------------------
[ 2017-11-14T11:52:38+08:00 ] ::1 ::1 GET /static/bootstrap/css/bootstrap.min.css.map
[ info ] localhost/static/bootstrap/css/bootstrap.min.css.map [运行时间：0.830889s][吞吐率：1.20req/s] [内存消耗：2,741.23kb] [文件加载：45]
[ info ] [ LANG ] E:\wamp\www\duduchuxing\thinkphp\lang\zh-cn.php
[ info ] [ ROUTE ] array (
  'type' => 'module',
  'module' => 
  array (
    0 => 'static',
    1 => 'bootstrap',
    2 => 'css',
  ),
)
[ info ] [ HEADER ] array (
  'host' => 'localhost',
  'connection' => 'keep-alive',
  'user-agent' => 'Mozilla/5.0 (Windows NT 10.0; Win64; x64) AppleWebKit/537.36 (KHTML, like Gecko) Chrome/61.0.3163.100 Safari/537.36',
  'accept-encoding' => 'gzip, deflate, br',
  'accept-language' => 'zh-CN,zh;q=0.8,ja;q=0.6',
  'cookie' => 'pgv_pvi=4227248128; pgv_si=s3402989568; thinkphp_show_page_trace=1|0',
)
[ info ] [ PARAM ] array (
)
[ info ] [ LOG ] INIT File
---------------------------------------------------------------
[ 2017-11-14T11:52:53+08:00 ] ::1 ::1 GET /
[ info ] localhost/ [运行时间：0.431150s][吞吐率：2.32req/s] [内存消耗：3,184.77kb] [文件加载：50]
[ info ] [ LANG ] E:\wamp\www\duduchuxing\thinkphp\lang\zh-cn.php
[ info ] [ ROUTE ] array (
  'type' => 'module',
  'module' => 
  array (
    0 => '',
    1 => NULL,
    2 => NULL,
  ),
)
[ info ] [ HEADER ] array (
  'host' => 'localhost',
  'connection' => 'keep-alive',
  'cache-control' => 'max-age=0',
  'upgrade-insecure-requests' => '1',
  'user-agent' => 'Mozilla/5.0 (Windows NT 10.0; Win64; x64) AppleWebKit/537.36 (KHTML, like Gecko) Chrome/61.0.3163.100 Safari/537.36',
  'accept' => 'text/html,application/xhtml+xml,application/xml;q=0.9,image/webp,image/apng,*/*;q=0.8',
  'accept-encoding' => 'gzip, deflate, br',
  'accept-language' => 'zh-CN,zh;q=0.8,ja;q=0.6',
  'cookie' => 'pgv_pvi=4227248128; pgv_si=s3402989568; thinkphp_show_page_trace=1|0',
)
[ info ] [ PARAM ] array (
)
[ info ] [ RUN ] app\index\controller\Index->index[ E:\wamp\www\duduchuxing\application\index\controller\Index.php ]
[ info ] [ VIEW ] E:\wamp\www\duduchuxing\public/../application/index\view\index\index.html [ array (
) ]
[ info ] [ LOG ] INIT File
---------------------------------------------------------------
[ 2017-11-14T11:52:55+08:00 ] ::1 ::1 GET /static/bootstrap/css/bootstrap.min.css.map
[ info ] localhost/static/bootstrap/css/bootstrap.min.css.map [运行时间：0.836453s][吞吐率：1.20req/s] [内存消耗：2,741.23kb] [文件加载：45]
[ info ] [ LANG ] E:\wamp\www\duduchuxing\thinkphp\lang\zh-cn.php
[ info ] [ ROUTE ] array (
  'type' => 'module',
  'module' => 
  array (
    0 => 'static',
    1 => 'bootstrap',
    2 => 'css',
  ),
)
[ info ] [ HEADER ] array (
  'host' => 'localhost',
  'connection' => 'keep-alive',
  'user-agent' => 'Mozilla/5.0 (Windows NT 10.0; Win64; x64) AppleWebKit/537.36 (KHTML, like Gecko) Chrome/61.0.3163.100 Safari/537.36',
  'accept-encoding' => 'gzip, deflate, br',
  'accept-language' => 'zh-CN,zh;q=0.8,ja;q=0.6',
  'cookie' => 'pgv_pvi=4227248128; pgv_si=s3402989568; thinkphp_show_page_trace=1|0',
)
[ info ] [ PARAM ] array (
)
[ info ] [ LOG ] INIT File
---------------------------------------------------------------
[ 2017-11-14T11:54:47+08:00 ] ::1 ::1 GET /
[ info ] localhost/ [运行时间：0.439608s][吞吐率：2.27req/s] [内存消耗：3,435.78kb] [文件加载：52]
[ info ] [ LANG ] E:\wamp\www\duduchuxing\thinkphp\lang\zh-cn.php
[ info ] [ ROUTE ] array (
  'type' => 'module',
  'module' => 
  array (
    0 => '',
    1 => NULL,
    2 => NULL,
  ),
)
[ info ] [ HEADER ] array (
  'host' => 'localhost',
  'connection' => 'keep-alive',
  'cache-control' => 'max-age=0',
  'upgrade-insecure-requests' => '1',
  'user-agent' => 'Mozilla/5.0 (Windows NT 10.0; Win64; x64) AppleWebKit/537.36 (KHTML, like Gecko) Chrome/61.0.3163.100 Safari/537.36',
  'accept' => 'text/html,application/xhtml+xml,application/xml;q=0.9,image/webp,image/apng,*/*;q=0.8',
  'accept-encoding' => 'gzip, deflate, br',
  'accept-language' => 'zh-CN,zh;q=0.8,ja;q=0.6',
  'cookie' => 'pgv_pvi=4227248128; pgv_si=s3402989568; thinkphp_show_page_trace=1|0',
)
[ info ] [ PARAM ] array (
)
[ info ] [ RUN ] app\index\controller\Index->index[ E:\wamp\www\duduchuxing\application\index\controller\Index.php ]
[ info ] [ VIEW ] E:\wamp\www\duduchuxing\public/../application/index\view\index\index.html [ array (
) ]
[ info ] [ LOG ] INIT File
---------------------------------------------------------------
[ 2017-11-14T11:54:49+08:00 ] ::1 ::1 GET /static/bootstrap/css/bootstrap.min.css.map
[ info ] localhost/static/bootstrap/css/bootstrap.min.css.map [运行时间：0.831534s][吞吐率：1.20req/s] [内存消耗：2,741.23kb] [文件加载：45]
[ info ] [ LANG ] E:\wamp\www\duduchuxing\thinkphp\lang\zh-cn.php
[ info ] [ ROUTE ] array (
  'type' => 'module',
  'module' => 
  array (
    0 => 'static',
    1 => 'bootstrap',
    2 => 'css',
  ),
)
[ info ] [ HEADER ] array (
  'host' => 'localhost',
  'connection' => 'keep-alive',
  'user-agent' => 'Mozilla/5.0 (Windows NT 10.0; Win64; x64) AppleWebKit/537.36 (KHTML, like Gecko) Chrome/61.0.3163.100 Safari/537.36',
  'accept-encoding' => 'gzip, deflate, br',
  'accept-language' => 'zh-CN,zh;q=0.8,ja;q=0.6',
  'cookie' => 'pgv_pvi=4227248128; pgv_si=s3402989568; thinkphp_show_page_trace=1|0',
)
[ info ] [ PARAM ] array (
)
[ info ] [ LOG ] INIT File
---------------------------------------------------------------
[ 2017-11-14T12:01:17+08:00 ] ::1 ::1 GET /
[ info ] localhost/ [运行时间：0.453368s][吞吐率：2.21req/s] [内存消耗：3,438.80kb] [文件加载：52]
[ info ] [ LANG ] E:\wamp\www\duduchuxing\thinkphp\lang\zh-cn.php
[ info ] [ ROUTE ] array (
  'type' => 'module',
  'module' => 
  array (
    0 => '',
    1 => NULL,
    2 => NULL,
  ),
)
[ info ] [ HEADER ] array (
  'host' => 'localhost',
  'connection' => 'keep-alive',
  'cache-control' => 'max-age=0',
  'upgrade-insecure-requests' => '1',
  'user-agent' => 'Mozilla/5.0 (Windows NT 10.0; Win64; x64) AppleWebKit/537.36 (KHTML, like Gecko) Chrome/61.0.3163.100 Safari/537.36',
  'accept' => 'text/html,application/xhtml+xml,application/xml;q=0.9,image/webp,image/apng,*/*;q=0.8',
  'accept-encoding' => 'gzip, deflate, br',
  'accept-language' => 'zh-CN,zh;q=0.8,ja;q=0.6',
  'cookie' => 'pgv_pvi=4227248128; pgv_si=s3402989568; thinkphp_show_page_trace=1|0',
)
[ info ] [ PARAM ] array (
)
[ info ] [ RUN ] app\index\controller\Index->index[ E:\wamp\www\duduchuxing\application\index\controller\Index.php ]
[ info ] [ VIEW ] E:\wamp\www\duduchuxing\public/../application/index\view\index\index.html [ array (
) ]
[ info ] [ LOG ] INIT File
---------------------------------------------------------------
[ 2017-11-14T12:01:19+08:00 ] ::1 ::1 GET /static/bootstrap/css/bootstrap.min.css.map
[ info ] localhost/static/bootstrap/css/bootstrap.min.css.map [运行时间：0.834429s][吞吐率：1.20req/s] [内存消耗：2,741.23kb] [文件加载：45]
[ info ] [ LANG ] E:\wamp\www\duduchuxing\thinkphp\lang\zh-cn.php
[ info ] [ ROUTE ] array (
  'type' => 'module',
  'module' => 
  array (
    0 => 'static',
    1 => 'bootstrap',
    2 => 'css',
  ),
)
[ info ] [ HEADER ] array (
  'host' => 'localhost',
  'connection' => 'keep-alive',
  'user-agent' => 'Mozilla/5.0 (Windows NT 10.0; Win64; x64) AppleWebKit/537.36 (KHTML, like Gecko) Chrome/61.0.3163.100 Safari/537.36',
  'accept-encoding' => 'gzip, deflate, br',
  'accept-language' => 'zh-CN,zh;q=0.8,ja;q=0.6',
  'cookie' => 'pgv_pvi=4227248128; pgv_si=s3402989568; thinkphp_show_page_trace=1|0',
)
[ info ] [ PARAM ] array (
)
[ info ] [ LOG ] INIT File
---------------------------------------------------------------
[ 2017-11-14T12:02:50+08:00 ] ::1 ::1 GET /
[ info ] localhost/ [运行时间：0.434639s][吞吐率：2.30req/s] [内存消耗：3,438.80kb] [文件加载：52]
[ info ] [ LANG ] E:\wamp\www\duduchuxing\thinkphp\lang\zh-cn.php
[ info ] [ ROUTE ] array (
  'type' => 'module',
  'module' => 
  array (
    0 => '',
    1 => NULL,
    2 => NULL,
  ),
)
[ info ] [ HEADER ] array (
  'host' => 'localhost',
  'connection' => 'keep-alive',
  'cache-control' => 'max-age=0',
  'upgrade-insecure-requests' => '1',
  'user-agent' => 'Mozilla/5.0 (Windows NT 10.0; Win64; x64) AppleWebKit/537.36 (KHTML, like Gecko) Chrome/61.0.3163.100 Safari/537.36',
  'accept' => 'text/html,application/xhtml+xml,application/xml;q=0.9,image/webp,image/apng,*/*;q=0.8',
  'accept-encoding' => 'gzip, deflate, br',
  'accept-language' => 'zh-CN,zh;q=0.8,ja;q=0.6',
  'cookie' => 'pgv_pvi=4227248128; pgv_si=s3402989568; thinkphp_show_page_trace=1|0',
)
[ info ] [ PARAM ] array (
)
[ info ] [ RUN ] app\index\controller\Index->index[ E:\wamp\www\duduchuxing\application\index\controller\Index.php ]
[ info ] [ VIEW ] E:\wamp\www\duduchuxing\public/../application/index\view\index\index.html [ array (
) ]
[ info ] [ LOG ] INIT File
---------------------------------------------------------------
[ 2017-11-14T12:02:52+08:00 ] ::1 ::1 GET /static/bootstrap/css/bootstrap.min.css.map
[ info ] localhost/static/bootstrap/css/bootstrap.min.css.map [运行时间：0.834347s][吞吐率：1.20req/s] [内存消耗：2,741.23kb] [文件加载：45]
[ info ] [ LANG ] E:\wamp\www\duduchuxing\thinkphp\lang\zh-cn.php
[ info ] [ ROUTE ] array (
  'type' => 'module',
  'module' => 
  array (
    0 => 'static',
    1 => 'bootstrap',
    2 => 'css',
  ),
)
[ info ] [ HEADER ] array (
  'host' => 'localhost',
  'connection' => 'keep-alive',
  'user-agent' => 'Mozilla/5.0 (Windows NT 10.0; Win64; x64) AppleWebKit/537.36 (KHTML, like Gecko) Chrome/61.0.3163.100 Safari/537.36',
  'accept-encoding' => 'gzip, deflate, br',
  'accept-language' => 'zh-CN,zh;q=0.8,ja;q=0.6',
  'cookie' => 'pgv_pvi=4227248128; pgv_si=s3402989568; thinkphp_show_page_trace=1|0',
)
[ info ] [ PARAM ] array (
)
[ info ] [ LOG ] INIT File
---------------------------------------------------------------
[ 2017-11-14T12:03:16+08:00 ] ::1 ::1 GET /
[ info ] localhost/ [运行时间：0.433035s][吞吐率：2.31req/s] [内存消耗：3,438.77kb] [文件加载：52]
[ info ] [ LANG ] E:\wamp\www\duduchuxing\thinkphp\lang\zh-cn.php
[ info ] [ ROUTE ] array (
  'type' => 'module',
  'module' => 
  array (
    0 => '',
    1 => NULL,
    2 => NULL,
  ),
)
[ info ] [ HEADER ] array (
  'host' => 'localhost',
  'connection' => 'keep-alive',
  'cache-control' => 'max-age=0',
  'upgrade-insecure-requests' => '1',
  'user-agent' => 'Mozilla/5.0 (Windows NT 10.0; Win64; x64) AppleWebKit/537.36 (KHTML, like Gecko) Chrome/61.0.3163.100 Safari/537.36',
  'accept' => 'text/html,application/xhtml+xml,application/xml;q=0.9,image/webp,image/apng,*/*;q=0.8',
  'accept-encoding' => 'gzip, deflate, br',
  'accept-language' => 'zh-CN,zh;q=0.8,ja;q=0.6',
  'cookie' => 'pgv_pvi=4227248128; pgv_si=s3402989568; thinkphp_show_page_trace=1|0',
)
[ info ] [ PARAM ] array (
)
[ info ] [ RUN ] app\index\controller\Index->index[ E:\wamp\www\duduchuxing\application\index\controller\Index.php ]
[ info ] [ VIEW ] E:\wamp\www\duduchuxing\public/../application/index\view\index\index.html [ array (
) ]
[ info ] [ LOG ] INIT File
---------------------------------------------------------------
[ 2017-11-14T12:03:18+08:00 ] ::1 ::1 GET /static/bootstrap/css/bootstrap.min.css.map
[ info ] localhost/static/bootstrap/css/bootstrap.min.css.map [运行时间：0.831926s][吞吐率：1.20req/s] [内存消耗：2,741.23kb] [文件加载：45]
[ info ] [ LANG ] E:\wamp\www\duduchuxing\thinkphp\lang\zh-cn.php
[ info ] [ ROUTE ] array (
  'type' => 'module',
  'module' => 
  array (
    0 => 'static',
    1 => 'bootstrap',
    2 => 'css',
  ),
)
[ info ] [ HEADER ] array (
  'host' => 'localhost',
  'connection' => 'keep-alive',
  'user-agent' => 'Mozilla/5.0 (Windows NT 10.0; Win64; x64) AppleWebKit/537.36 (KHTML, like Gecko) Chrome/61.0.3163.100 Safari/537.36',
  'accept-encoding' => 'gzip, deflate, br',
  'accept-language' => 'zh-CN,zh;q=0.8,ja;q=0.6',
  'cookie' => 'pgv_pvi=4227248128; pgv_si=s3402989568; thinkphp_show_page_trace=1|0',
)
[ info ] [ PARAM ] array (
)
[ info ] [ LOG ] INIT File
---------------------------------------------------------------
[ 2017-11-14T13:11:34+08:00 ] ::1 ::1 GET /api.php?op=checkcode&code_len=5&font_size=14&width=100&height=26&font_color=&background=
[ info ] localhost/api.php?op=checkcode&code_len=5&font_size=14&width=100&height=26&font_color=&background= [运行时间：2.913634s][吞吐率：0.34req/s] [内存消耗：2,743.34kb] [文件加载：45]
[ info ] [ LANG ] E:\wamp\www\duduchuxing\thinkphp\lang\zh-cn.php
[ info ] [ ROUTE ] array (
  'type' => 'module',
  'module' => 
  array (
    0 => 'api.php',
    1 => NULL,
    2 => NULL,
  ),
)
[ info ] [ HEADER ] array (
  'host' => 'localhost',
  'connection' => 'keep-alive',
  'user-agent' => 'Mozilla/5.0 (Windows NT 10.0; Win64; x64) AppleWebKit/537.36 (KHTML, like Gecko) Chrome/61.0.3163.100 Safari/537.36',
  'accept' => 'image/webp,image/apng,image/*,*/*;q=0.8',
  'referer' => 'http://www.bestv.com.cn/list-32-1.html',
  'accept-encoding' => 'gzip, deflate, br',
  'accept-language' => 'zh-CN,zh;q=0.8,ja;q=0.6',
  'cookie' => 'pgv_pvi=4227248128; pgv_si=s3402989568; thinkphp_show_page_trace=1|0',
)
[ info ] [ PARAM ] array (
  'op' => 'checkcode',
  'code_len' => '5',
  'font_size' => '14',
  'width' => '100',
  'height' => '26',
  'font_color' => '',
  'background' => '',
)
[ info ] [ LOG ] INIT File
---------------------------------------------------------------
[ 2017-11-14T13:11:42+08:00 ] ::1 ::1 GET /api.php?op=checkcode&code_len=5&font_size=14&width=100&height=26&font_color=&background=
[ info ] localhost/api.php?op=checkcode&code_len=5&font_size=14&width=100&height=26&font_color=&background= [运行时间：0.829922s][吞吐率：1.20req/s] [内存消耗：2,743.34kb] [文件加载：45]
[ info ] [ LANG ] E:\wamp\www\duduchuxing\thinkphp\lang\zh-cn.php
[ info ] [ ROUTE ] array (
  'type' => 'module',
  'module' => 
  array (
    0 => 'api.php',
    1 => NULL,
    2 => NULL,
  ),
)
[ info ] [ HEADER ] array (
  'host' => 'localhost',
  'connection' => 'keep-alive',
  'user-agent' => 'Mozilla/5.0 (Windows NT 10.0; Win64; x64) AppleWebKit/537.36 (KHTML, like Gecko) Chrome/61.0.3163.100 Safari/537.36',
  'accept' => 'image/webp,image/apng,image/*,*/*;q=0.8',
  'referer' => 'http://www.bestv.com.cn/list-32-1.html',
  'accept-encoding' => 'gzip, deflate, br',
  'accept-language' => 'zh-CN,zh;q=0.8,ja;q=0.6',
  'cookie' => 'pgv_pvi=4227248128; pgv_si=s3402989568; thinkphp_show_page_trace=1|0',
)
[ info ] [ PARAM ] array (
  'op' => 'checkcode',
  'code_len' => '5',
  'font_size' => '14',
  'width' => '100',
  'height' => '26',
  'font_color' => '',
  'background' => '',
)
[ info ] [ LOG ] INIT File
---------------------------------------------------------------
[ 2017-11-14T13:12:08+08:00 ] ::1 ::1 GET /api.php?op=checkcode&code_len=5&font_size=14&width=100&height=26&font_color=&background=
[ info ] localhost/api.php?op=checkcode&code_len=5&font_size=14&width=100&height=26&font_color=&background= [运行时间：0.839163s][吞吐率：1.19req/s] [内存消耗：2,743.34kb] [文件加载：45]
[ info ] [ LANG ] E:\wamp\www\duduchuxing\thinkphp\lang\zh-cn.php
[ info ] [ ROUTE ] array (
  'type' => 'module',
  'module' => 
  array (
    0 => 'api.php',
    1 => NULL,
    2 => NULL,
  ),
)
[ info ] [ HEADER ] array (
  'host' => 'localhost',
  'connection' => 'keep-alive',
  'user-agent' => 'Mozilla/5.0 (Windows NT 10.0; Win64; x64) AppleWebKit/537.36 (KHTML, like Gecko) Chrome/61.0.3163.100 Safari/537.36',
  'accept' => 'image/webp,image/apng,image/*,*/*;q=0.8',
  'referer' => 'http://www.bestv.com.cn/list-32-1.html',
  'accept-encoding' => 'gzip, deflate, br',
  'accept-language' => 'zh-CN,zh;q=0.8,ja;q=0.6',
  'cookie' => 'pgv_pvi=4227248128; pgv_si=s3402989568; thinkphp_show_page_trace=1|0',
)
[ info ] [ PARAM ] array (
  'op' => 'checkcode',
  'code_len' => '5',
  'font_size' => '14',
  'width' => '100',
  'height' => '26',
  'font_color' => '',
  'background' => '',
)
[ info ] [ LOG ] INIT File
---------------------------------------------------------------
[ 2017-11-14T13:12:20+08:00 ] ::1 ::1 GET /api.php?op=checkcode&code_len=5&font_size=14&width=100&height=26&font_color=&background=
[ info ] localhost/api.php?op=checkcode&code_len=5&font_size=14&width=100&height=26&font_color=&background= [运行时间：0.833472s][吞吐率：1.20req/s] [内存消耗：2,743.34kb] [文件加载：45]
[ info ] [ LANG ] E:\wamp\www\duduchuxing\thinkphp\lang\zh-cn.php
[ info ] [ ROUTE ] array (
  'type' => 'module',
  'module' => 
  array (
    0 => 'api.php',
    1 => NULL,
    2 => NULL,
  ),
)
[ info ] [ HEADER ] array (
  'host' => 'localhost',
  'connection' => 'keep-alive',
  'user-agent' => 'Mozilla/5.0 (Windows NT 10.0; Win64; x64) AppleWebKit/537.36 (KHTML, like Gecko) Chrome/61.0.3163.100 Safari/537.36',
  'accept' => 'image/webp,image/apng,image/*,*/*;q=0.8',
  'referer' => 'http://www.bestv.com.cn/list-32-1.html',
  'accept-encoding' => 'gzip, deflate, br',
  'accept-language' => 'zh-CN,zh;q=0.8,ja;q=0.6',
  'cookie' => 'pgv_pvi=4227248128; pgv_si=s3402989568; thinkphp_show_page_trace=1|0',
)
[ info ] [ PARAM ] array (
  'op' => 'checkcode',
  'code_len' => '5',
  'font_size' => '14',
  'width' => '100',
  'height' => '26',
  'font_color' => '',
  'background' => '',
)
[ info ] [ LOG ] INIT File
---------------------------------------------------------------
[ 2017-11-14T16:22:49+08:00 ] ::1 ::1 GET /
[ info ] localhost/ [运行时间：0.438655s][吞吐率：2.28req/s] [内存消耗：3,438.14kb] [文件加载：52]
[ info ] [ LANG ] E:\wamp\www\duduchuxing\thinkphp\lang\zh-cn.php
[ info ] [ ROUTE ] array (
  'type' => 'module',
  'module' => 
  array (
    0 => '',
    1 => NULL,
    2 => NULL,
  ),
)
[ info ] [ HEADER ] array (
  'host' => 'localhost',
  'connection' => 'keep-alive',
  'user-agent' => 'Mozilla/5.0 (Windows NT 10.0; Win64; x64) AppleWebKit/537.36 (KHTML, like Gecko) Chrome/61.0.3163.100 Safari/537.36',
  'upgrade-insecure-requests' => '1',
  'accept' => 'text/html,application/xhtml+xml,application/xml;q=0.9,image/webp,image/apng,*/*;q=0.8',
  'accept-encoding' => 'gzip, deflate, br',
  'accept-language' => 'zh-CN,zh;q=0.8,ja;q=0.6',
  'cookie' => 'pgv_pvi=4227248128; pgv_si=s3402989568; thinkphp_show_page_trace=1|0',
)
[ info ] [ PARAM ] array (
)
[ info ] [ RUN ] app\index\controller\Index->index[ E:\wamp\www\duduchuxing\application\index\controller\Index.php ]
[ info ] [ VIEW ] E:\wamp\www\duduchuxing\public/../application/index\view\index\index.html [ array (
) ]
[ info ] [ LOG ] INIT File
---------------------------------------------------------------
[ 2017-11-14T16:27:39+08:00 ] ::1 ::1 GET /
[ info ] localhost/ [运行时间：0.438430s][吞吐率：2.28req/s] [内存消耗：3,443.44kb] [文件加载：52]
[ info ] [ LANG ] E:\wamp\www\duduchuxing\thinkphp\lang\zh-cn.php
[ info ] [ ROUTE ] array (
  'type' => 'module',
  'module' => 
  array (
    0 => '',
    1 => NULL,
    2 => NULL,
  ),
)
[ info ] [ HEADER ] array (
  'host' => 'localhost',
  'connection' => 'keep-alive',
  'cache-control' => 'max-age=0',
  'user-agent' => 'Mozilla/5.0 (Windows NT 10.0; Win64; x64) AppleWebKit/537.36 (KHTML, like Gecko) Chrome/61.0.3163.100 Safari/537.36',
  'upgrade-insecure-requests' => '1',
  'accept' => 'text/html,application/xhtml+xml,application/xml;q=0.9,image/webp,image/apng,*/*;q=0.8',
  'accept-encoding' => 'gzip, deflate, br',
  'accept-language' => 'zh-CN,zh;q=0.8,ja;q=0.6',
  'cookie' => 'pgv_pvi=4227248128; pgv_si=s3402989568; thinkphp_show_page_trace=1|0',
)
[ info ] [ PARAM ] array (
)
[ info ] [ RUN ] app\index\controller\Index->index[ E:\wamp\www\duduchuxing\application\index\controller\Index.php ]
[ info ] [ VIEW ] E:\wamp\www\duduchuxing\public/../application/index\view\index\index.html [ array (
) ]
[ info ] [ LOG ] INIT File
---------------------------------------------------------------
[ 2017-11-14T16:32:34+08:00 ] ::1 ::1 GET /
[ info ] localhost/ [运行时间：0.439756s][吞吐率：2.27req/s] [内存消耗：3,443.22kb] [文件加载：52]
[ info ] [ LANG ] E:\wamp\www\duduchuxing\thinkphp\lang\zh-cn.php
[ info ] [ ROUTE ] array (
  'type' => 'module',
  'module' => 
  array (
    0 => '',
    1 => NULL,
    2 => NULL,
  ),
)
[ info ] [ HEADER ] array (
  'host' => 'localhost',
  'connection' => 'keep-alive',
  'cache-control' => 'max-age=0',
  'user-agent' => 'Mozilla/5.0 (Windows NT 10.0; Win64; x64) AppleWebKit/537.36 (KHTML, like Gecko) Chrome/61.0.3163.100 Safari/537.36',
  'upgrade-insecure-requests' => '1',
  'accept' => 'text/html,application/xhtml+xml,application/xml;q=0.9,image/webp,image/apng,*/*;q=0.8',
  'accept-encoding' => 'gzip, deflate, br',
  'accept-language' => 'zh-CN,zh;q=0.8,ja;q=0.6',
  'cookie' => 'pgv_pvi=4227248128; pgv_si=s3402989568; thinkphp_show_page_trace=1|0',
)
[ info ] [ PARAM ] array (
)
[ info ] [ RUN ] app\index\controller\Index->index[ E:\wamp\www\duduchuxing\application\index\controller\Index.php ]
[ info ] [ VIEW ] E:\wamp\www\duduchuxing\public/../application/index\view\index\index.html [ array (
) ]
[ info ] [ LOG ] INIT File
---------------------------------------------------------------
[ 2017-11-14T16:33:10+08:00 ] ::1 ::1 GET /
[ info ] localhost/ [运行时间：0.438620s][吞吐率：2.28req/s] [内存消耗：3,443.38kb] [文件加载：52]
[ info ] [ LANG ] E:\wamp\www\duduchuxing\thinkphp\lang\zh-cn.php
[ info ] [ ROUTE ] array (
  'type' => 'module',
  'module' => 
  array (
    0 => '',
    1 => NULL,
    2 => NULL,
  ),
)
[ info ] [ HEADER ] array (
  'host' => 'localhost',
  'connection' => 'keep-alive',
  'cache-control' => 'max-age=0',
  'user-agent' => 'Mozilla/5.0 (Windows NT 10.0; Win64; x64) AppleWebKit/537.36 (KHTML, like Gecko) Chrome/61.0.3163.100 Safari/537.36',
  'upgrade-insecure-requests' => '1',
  'accept' => 'text/html,application/xhtml+xml,application/xml;q=0.9,image/webp,image/apng,*/*;q=0.8',
  'accept-encoding' => 'gzip, deflate, br',
  'accept-language' => 'zh-CN,zh;q=0.8,ja;q=0.6',
  'cookie' => 'pgv_pvi=4227248128; pgv_si=s3402989568; thinkphp_show_page_trace=1|0',
)
[ info ] [ PARAM ] array (
)
[ info ] [ RUN ] app\index\controller\Index->index[ E:\wamp\www\duduchuxing\application\index\controller\Index.php ]
[ info ] [ VIEW ] E:\wamp\www\duduchuxing\public/../application/index\view\index\index.html [ array (
) ]
[ info ] [ LOG ] INIT File
---------------------------------------------------------------
[ 2017-11-14T16:33:22+08:00 ] ::1 ::1 GET /
[ info ] localhost/ [运行时间：0.429901s][吞吐率：2.33req/s] [内存消耗：3,184.65kb] [文件加载：50]
[ info ] [ LANG ] E:\wamp\www\duduchuxing\thinkphp\lang\zh-cn.php
[ info ] [ ROUTE ] array (
  'type' => 'module',
  'module' => 
  array (
    0 => '',
    1 => NULL,
    2 => NULL,
  ),
)
[ info ] [ HEADER ] array (
  'host' => 'localhost',
  'connection' => 'keep-alive',
  'cache-control' => 'max-age=0',
  'user-agent' => 'Mozilla/5.0 (Windows NT 10.0; Win64; x64) AppleWebKit/537.36 (KHTML, like Gecko) Chrome/61.0.3163.100 Safari/537.36',
  'upgrade-insecure-requests' => '1',
  'accept' => 'text/html,application/xhtml+xml,application/xml;q=0.9,image/webp,image/apng,*/*;q=0.8',
  'accept-encoding' => 'gzip, deflate, br',
  'accept-language' => 'zh-CN,zh;q=0.8,ja;q=0.6',
  'cookie' => 'pgv_pvi=4227248128; pgv_si=s3402989568; thinkphp_show_page_trace=1|0',
)
[ info ] [ PARAM ] array (
)
[ info ] [ RUN ] app\index\controller\Index->index[ E:\wamp\www\duduchuxing\application\index\controller\Index.php ]
[ info ] [ VIEW ] E:\wamp\www\duduchuxing\public/../application/index\view\index\index.html [ array (
) ]
[ info ] [ LOG ] INIT File
---------------------------------------------------------------
[ 2017-11-14T16:33:26+08:00 ] ::1 ::1 GET /
[ info ] localhost/ [运行时间：0.430779s][吞吐率：2.32req/s] [内存消耗：3,184.63kb] [文件加载：50]
[ info ] [ LANG ] E:\wamp\www\duduchuxing\thinkphp\lang\zh-cn.php
[ info ] [ ROUTE ] array (
  'type' => 'module',
  'module' => 
  array (
    0 => '',
    1 => NULL,
    2 => NULL,
  ),
)
[ info ] [ HEADER ] array (
  'host' => 'localhost',
  'connection' => 'keep-alive',
  'pragma' => 'no-cache',
  'cache-control' => 'no-cache',
  'user-agent' => 'Mozilla/5.0 (Windows NT 10.0; Win64; x64) AppleWebKit/537.36 (KHTML, like Gecko) Chrome/61.0.3163.100 Safari/537.36',
  'upgrade-insecure-requests' => '1',
  'accept' => 'text/html,application/xhtml+xml,application/xml;q=0.9,image/webp,image/apng,*/*;q=0.8',
  'accept-encoding' => 'gzip, deflate, br',
  'accept-language' => 'zh-CN,zh;q=0.8,ja;q=0.6',
  'cookie' => 'pgv_pvi=4227248128; pgv_si=s3402989568; thinkphp_show_page_trace=1|0',
)
[ info ] [ PARAM ] array (
)
[ info ] [ RUN ] app\index\controller\Index->index[ E:\wamp\www\duduchuxing\application\index\controller\Index.php ]
[ info ] [ VIEW ] E:\wamp\www\duduchuxing\public/../application/index\view\index\index.html [ array (
) ]
[ info ] [ LOG ] INIT File
---------------------------------------------------------------
[ 2017-11-14T16:34:13+08:00 ] ::1 ::1 GET /
[ info ] localhost/ [运行时间：0.435213s][吞吐率：2.30req/s] [内存消耗：3,443.48kb] [文件加载：52]
[ info ] [ LANG ] E:\wamp\www\duduchuxing\thinkphp\lang\zh-cn.php
[ info ] [ ROUTE ] array (
  'type' => 'module',
  'module' => 
  array (
    0 => '',
    1 => NULL,
    2 => NULL,
  ),
)
[ info ] [ HEADER ] array (
  'host' => 'localhost',
  'connection' => 'keep-alive',
  'cache-control' => 'max-age=0',
  'user-agent' => 'Mozilla/5.0 (Windows NT 10.0; Win64; x64) AppleWebKit/537.36 (KHTML, like Gecko) Chrome/61.0.3163.100 Safari/537.36',
  'upgrade-insecure-requests' => '1',
  'accept' => 'text/html,application/xhtml+xml,application/xml;q=0.9,image/webp,image/apng,*/*;q=0.8',
  'accept-encoding' => 'gzip, deflate, br',
  'accept-language' => 'zh-CN,zh;q=0.8,ja;q=0.6',
  'cookie' => 'pgv_pvi=4227248128; pgv_si=s3402989568; thinkphp_show_page_trace=1|0',
)
[ info ] [ PARAM ] array (
)
[ info ] [ RUN ] app\index\controller\Index->index[ E:\wamp\www\duduchuxing\application\index\controller\Index.php ]
[ info ] [ VIEW ] E:\wamp\www\duduchuxing\public/../application/index\view\index\index.html [ array (
) ]
[ info ] [ LOG ] INIT File
---------------------------------------------------------------
[ 2017-11-14T16:34:24+08:00 ] ::1 ::1 GET /
[ info ] localhost/ [运行时间：0.435579s][吞吐率：2.30req/s] [内存消耗：3,443.43kb] [文件加载：52]
[ info ] [ LANG ] E:\wamp\www\duduchuxing\thinkphp\lang\zh-cn.php
[ info ] [ ROUTE ] array (
  'type' => 'module',
  'module' => 
  array (
    0 => '',
    1 => NULL,
    2 => NULL,
  ),
)
[ info ] [ HEADER ] array (
  'host' => 'localhost',
  'connection' => 'keep-alive',
  'cache-control' => 'max-age=0',
  'user-agent' => 'Mozilla/5.0 (Windows NT 10.0; Win64; x64) AppleWebKit/537.36 (KHTML, like Gecko) Chrome/61.0.3163.100 Safari/537.36',
  'upgrade-insecure-requests' => '1',
  'accept' => 'text/html,application/xhtml+xml,application/xml;q=0.9,image/webp,image/apng,*/*;q=0.8',
  'accept-encoding' => 'gzip, deflate, br',
  'accept-language' => 'zh-CN,zh;q=0.8,ja;q=0.6',
  'cookie' => 'pgv_pvi=4227248128; pgv_si=s3402989568; thinkphp_show_page_trace=1|0',
)
[ info ] [ PARAM ] array (
)
[ info ] [ RUN ] app\index\controller\Index->index[ E:\wamp\www\duduchuxing\application\index\controller\Index.php ]
[ info ] [ VIEW ] E:\wamp\www\duduchuxing\public/../application/index\view\index\index.html [ array (
) ]
[ info ] [ LOG ] INIT File
---------------------------------------------------------------
[ 2017-11-14T16:53:50+08:00 ] ::1 ::1 GET /index/index/taxi
[ info ] localhost/index/index/taxi [运行时间：0.440766s][吞吐率：2.27req/s] [内存消耗：3,432.24kb] [文件加载：52]
[ info ] [ LANG ] E:\wamp\www\duduchuxing\thinkphp\lang\zh-cn.php
[ info ] [ ROUTE ] array (
  'type' => 'module',
  'module' => 
  array (
    0 => 'index',
    1 => 'index',
    2 => 'taxi',
  ),
)
[ info ] [ HEADER ] array (
  'host' => 'localhost',
  'connection' => 'keep-alive',
  'user-agent' => 'Mozilla/5.0 (Windows NT 10.0; Win64; x64) AppleWebKit/537.36 (KHTML, like Gecko) Chrome/61.0.3163.100 Safari/537.36',
  'upgrade-insecure-requests' => '1',
  'accept' => 'text/html,application/xhtml+xml,application/xml;q=0.9,image/webp,image/apng,*/*;q=0.8',
  'accept-encoding' => 'gzip, deflate, br',
  'accept-language' => 'zh-CN,zh;q=0.8,ja;q=0.6',
  'cookie' => 'pgv_pvi=4227248128; pgv_si=s3402989568; thinkphp_show_page_trace=1|0',
)
[ info ] [ PARAM ] array (
)
[ info ] [ RUN ] app\index\controller\Index->taxi[ E:\wamp\www\duduchuxing\application\index\controller\Index.php ]
[ info ] [ VIEW ] E:\wamp\www\duduchuxing\public/../application/index\view\index\taxi.html [ array (
) ]
[ info ] [ LOG ] INIT File
---------------------------------------------------------------
[ 2017-11-14T16:57:51+08:00 ] ::1 ::1 GET /index/index/aboutUs
[ info ] localhost/index/index/aboutUs [运行时间：0.435325s][吞吐率：2.30req/s] [内存消耗：3,189.16kb] [文件加载：50]
[ info ] [ LANG ] E:\wamp\www\duduchuxing\thinkphp\lang\zh-cn.php
[ info ] [ ROUTE ] array (
  'type' => 'module',
  'module' => 
  array (
    0 => 'index',
    1 => 'index',
    2 => 'aboutUs',
  ),
)
[ info ] [ HEADER ] array (
  'host' => 'localhost',
  'connection' => 'keep-alive',
  'user-agent' => 'Mozilla/5.0 (Windows NT 10.0; Win64; x64) AppleWebKit/537.36 (KHTML, like Gecko) Chrome/61.0.3163.100 Safari/537.36',
  'upgrade-insecure-requests' => '1',
  'accept' => 'text/html,application/xhtml+xml,application/xml;q=0.9,image/webp,image/apng,*/*;q=0.8',
  'accept-encoding' => 'gzip, deflate, br',
  'accept-language' => 'zh-CN,zh;q=0.8,ja;q=0.6',
  'cookie' => 'thinkphp_show_page_trace=1|0; pgv_pvi=4227248128; pgv_si=s3402989568; thinkphp_show_page_trace=1|0',
)
[ info ] [ PARAM ] array (
)
[ info ] [ RUN ] app\index\controller\Index->aboutUs[ E:\wamp\www\duduchuxing\application\index\controller\Index.php ]
[ info ] [ VIEW ] E:\wamp\www\duduchuxing\public/../application/index\view\index\aboutus.html [ array (
) ]
[ info ] [ LOG ] INIT File
---------------------------------------------------------------
[ 2017-11-14T16:57:58+08:00 ] ::1 ::1 GET /index/index/aboutUs1
[ info ] localhost/index/index/aboutUs1 [运行时间：0.839197s][吞吐率：1.19req/s] [内存消耗：3,255.89kb] [文件加载：52]
[ info ] [ LANG ] E:\wamp\www\duduchuxing\thinkphp\lang\zh-cn.php
[ info ] [ ROUTE ] array (
  'type' => 'module',
  'module' => 
  array (
    0 => 'index',
    1 => 'index',
    2 => 'aboutUs1',
  ),
)
[ info ] [ HEADER ] array (
  'host' => 'localhost',
  'connection' => 'keep-alive',
  'user-agent' => 'Mozilla/5.0 (Windows NT 10.0; Win64; x64) AppleWebKit/537.36 (KHTML, like Gecko) Chrome/61.0.3163.100 Safari/537.36',
  'upgrade-insecure-requests' => '1',
  'accept' => 'text/html,application/xhtml+xml,application/xml;q=0.9,image/webp,image/apng,*/*;q=0.8',
  'accept-encoding' => 'gzip, deflate, br',
  'accept-language' => 'zh-CN,zh;q=0.8,ja;q=0.6',
  'cookie' => 'thinkphp_show_page_trace=1|0; pgv_pvi=4227248128; pgv_si=s3402989568; thinkphp_show_page_trace=1|0',
)
[ info ] [ PARAM ] array (
)
[ info ] [ LOG ] INIT File
---------------------------------------------------------------
[ 2017-11-14T16:58:02+08:00 ] ::1 ::1 GET /index/index/aboutUs
[ info ] localhost/index/index/aboutUs [运行时间：0.429299s][吞吐率：2.33req/s] [内存消耗：3,188.98kb] [文件加载：50]
[ info ] [ LANG ] E:\wamp\www\duduchuxing\thinkphp\lang\zh-cn.php
[ info ] [ ROUTE ] array (
  'type' => 'module',
  'module' => 
  array (
    0 => 'index',
    1 => 'index',
    2 => 'aboutUs',
  ),
)
[ info ] [ HEADER ] array (
  'host' => 'localhost',
  'connection' => 'keep-alive',
  'user-agent' => 'Mozilla/5.0 (Windows NT 10.0; Win64; x64) AppleWebKit/537.36 (KHTML, like Gecko) Chrome/61.0.3163.100 Safari/537.36',
  'upgrade-insecure-requests' => '1',
  'accept' => 'text/html,application/xhtml+xml,application/xml;q=0.9,image/webp,image/apng,*/*;q=0.8',
  'accept-encoding' => 'gzip, deflate, br',
  'accept-language' => 'zh-CN,zh;q=0.8,ja;q=0.6',
  'cookie' => 'thinkphp_show_page_trace=1|0; pgv_pvi=4227248128; pgv_si=s3402989568; thinkphp_show_page_trace=1|0',
)
[ info ] [ PARAM ] array (
)
[ info ] [ RUN ] app\index\controller\Index->aboutUs[ E:\wamp\www\duduchuxing\application\index\controller\Index.php ]
[ info ] [ VIEW ] E:\wamp\www\duduchuxing\public/../application/index\view\index\aboutus.html [ array (
) ]
[ info ] [ LOG ] INIT File
---------------------------------------------------------------
[ 2017-11-14T16:58:07+08:00 ] ::1 ::1 GET /index/index/taxi
[ info ] localhost/index/index/taxi [运行时间：0.427781s][吞吐率：2.34req/s] [内存消耗：3,188.80kb] [文件加载：50]
[ info ] [ LANG ] E:\wamp\www\duduchuxing\thinkphp\lang\zh-cn.php
[ info ] [ ROUTE ] array (
  'type' => 'module',
  'module' => 
  array (
    0 => 'index',
    1 => 'index',
    2 => 'taxi',
  ),
)
[ info ] [ HEADER ] array (
  'host' => 'localhost',
  'connection' => 'keep-alive',
  'user-agent' => 'Mozilla/5.0 (Windows NT 10.0; Win64; x64) AppleWebKit/537.36 (KHTML, like Gecko) Chrome/61.0.3163.100 Safari/537.36',
  'upgrade-insecure-requests' => '1',
  'accept' => 'text/html,application/xhtml+xml,application/xml;q=0.9,image/webp,image/apng,*/*;q=0.8',
  'accept-encoding' => 'gzip, deflate, br',
  'accept-language' => 'zh-CN,zh;q=0.8,ja;q=0.6',
  'cookie' => 'thinkphp_show_page_trace=1|0; pgv_pvi=4227248128; pgv_si=s3402989568; thinkphp_show_page_trace=1|0',
)
[ info ] [ PARAM ] array (
)
[ info ] [ RUN ] app\index\controller\Index->taxi[ E:\wamp\www\duduchuxing\application\index\controller\Index.php ]
[ info ] [ VIEW ] E:\wamp\www\duduchuxing\public/../application/index\view\index\taxi.html [ array (
) ]
[ info ] [ LOG ] INIT File
---------------------------------------------------------------
[ 2017-11-14T16:58:14+08:00 ] ::1 ::1 GET /index/index/contactUs
[ info ] localhost/index/index/contactUs [运行时间：0.431497s][吞吐率：2.32req/s] [内存消耗：3,189.41kb] [文件加载：50]
[ info ] [ LANG ] E:\wamp\www\duduchuxing\thinkphp\lang\zh-cn.php
[ info ] [ ROUTE ] array (
  'type' => 'module',
  'module' => 
  array (
    0 => 'index',
    1 => 'index',
    2 => 'contactUs',
  ),
)
[ info ] [ HEADER ] array (
  'host' => 'localhost',
  'connection' => 'keep-alive',
  'user-agent' => 'Mozilla/5.0 (Windows NT 10.0; Win64; x64) AppleWebKit/537.36 (KHTML, like Gecko) Chrome/61.0.3163.100 Safari/537.36',
  'upgrade-insecure-requests' => '1',
  'accept' => 'text/html,application/xhtml+xml,application/xml;q=0.9,image/webp,image/apng,*/*;q=0.8',
  'accept-encoding' => 'gzip, deflate, br',
  'accept-language' => 'zh-CN,zh;q=0.8,ja;q=0.6',
  'cookie' => 'thinkphp_show_page_trace=1|0; pgv_pvi=4227248128; pgv_si=s3402989568; thinkphp_show_page_trace=1|0',
)
[ info ] [ PARAM ] array (
)
[ info ] [ RUN ] app\index\controller\Index->contactUs[ E:\wamp\www\duduchuxing\application\index\controller\Index.php ]
[ info ] [ VIEW ] E:\wamp\www\duduchuxing\public/../application/index\view\index\contactus.html [ array (
) ]
[ info ] [ LOG ] INIT File
---------------------------------------------------------------
[ 2017-11-14T16:58:24+08:00 ] ::1 ::1 GET /index/index/privateTaxi
[ info ] localhost/index/index/privateTaxi [运行时间：0.432244s][吞吐率：2.31req/s] [内存消耗：3,189.16kb] [文件加载：50]
[ info ] [ LANG ] E:\wamp\www\duduchuxing\thinkphp\lang\zh-cn.php
[ info ] [ ROUTE ] array (
  'type' => 'module',
  'module' => 
  array (
    0 => 'index',
    1 => 'index',
    2 => 'privateTaxi',
  ),
)
[ info ] [ HEADER ] array (
  'host' => 'localhost',
  'connection' => 'keep-alive',
  'user-agent' => 'Mozilla/5.0 (Windows NT 10.0; Win64; x64) AppleWebKit/537.36 (KHTML, like Gecko) Chrome/61.0.3163.100 Safari/537.36',
  'upgrade-insecure-requests' => '1',
  'accept' => 'text/html,application/xhtml+xml,application/xml;q=0.9,image/webp,image/apng,*/*;q=0.8',
  'accept-encoding' => 'gzip, deflate, br',
  'accept-language' => 'zh-CN,zh;q=0.8,ja;q=0.6',
  'cookie' => 'thinkphp_show_page_trace=1|0; pgv_pvi=4227248128; pgv_si=s3402989568; thinkphp_show_page_trace=1|0',
)
[ info ] [ PARAM ] array (
)
[ info ] [ RUN ] app\index\controller\Index->privateTaxi[ E:\wamp\www\duduchuxing\application\index\controller\Index.php ]
[ info ] [ VIEW ] E:\wamp\www\duduchuxing\public/../application/index\view\index\privatetaxi.html [ array (
) ]
[ info ] [ LOG ] INIT File
---------------------------------------------------------------
[ 2017-11-14T17:12:47+08:00 ] ::1 ::1 GET /index/index/privateTaxi
[ info ] localhost/index/index/privateTaxi [运行时间：0.442138s][吞吐率：2.26req/s] [内存消耗：3,189.18kb] [文件加载：50]
[ info ] [ LANG ] E:\wamp\www\duduchuxing\thinkphp\lang\zh-cn.php
[ info ] [ ROUTE ] array (
  'type' => 'module',
  'module' => 
  array (
    0 => 'index',
    1 => 'index',
    2 => 'privateTaxi',
  ),
)
[ info ] [ HEADER ] array (
  'host' => 'localhost',
  'connection' => 'keep-alive',
  'cache-control' => 'max-age=0',
  'user-agent' => 'Mozilla/5.0 (Windows NT 10.0; Win64; x64) AppleWebKit/537.36 (KHTML, like Gecko) Chrome/61.0.3163.100 Safari/537.36',
  'upgrade-insecure-requests' => '1',
  'accept' => 'text/html,application/xhtml+xml,application/xml;q=0.9,image/webp,image/apng,*/*;q=0.8',
  'accept-encoding' => 'gzip, deflate, br',
  'accept-language' => 'zh-CN,zh;q=0.8,ja;q=0.6',
  'cookie' => 'thinkphp_show_page_trace=1|0; pgv_pvi=4227248128; pgv_si=s3402989568; thinkphp_show_page_trace=1|0',
)
[ info ] [ PARAM ] array (
)
[ info ] [ RUN ] app\index\controller\Index->privateTaxi[ E:\wamp\www\duduchuxing\application\index\controller\Index.php ]
[ info ] [ VIEW ] E:\wamp\www\duduchuxing\public/../application/index\view\index\privatetaxi.html [ array (
) ]
[ info ] [ LOG ] INIT File
---------------------------------------------------------------
[ 2017-11-14T17:12:52+08:00 ] ::1 ::1 GET /
[ info ] localhost/ [运行时间：0.436023s][吞吐率：2.29req/s] [内存消耗：3,451.31kb] [文件加载：52]
[ info ] [ LANG ] E:\wamp\www\duduchuxing\thinkphp\lang\zh-cn.php
[ info ] [ ROUTE ] array (
  'type' => 'module',
  'module' => 
  array (
    0 => '',
    1 => NULL,
    2 => NULL,
  ),
)
[ info ] [ HEADER ] array (
  'host' => 'localhost',
  'connection' => 'keep-alive',
  'user-agent' => 'Mozilla/5.0 (Windows NT 10.0; Win64; x64) AppleWebKit/537.36 (KHTML, like Gecko) Chrome/61.0.3163.100 Safari/537.36',
  'upgrade-insecure-requests' => '1',
  'accept' => 'text/html,application/xhtml+xml,application/xml;q=0.9,image/webp,image/apng,*/*;q=0.8',
  'accept-encoding' => 'gzip, deflate, br',
  'accept-language' => 'zh-CN,zh;q=0.8,ja;q=0.6',
  'cookie' => 'pgv_pvi=4227248128; pgv_si=s3402989568; thinkphp_show_page_trace=1|0',
)
[ info ] [ PARAM ] array (
)
[ info ] [ RUN ] app\index\controller\Index->index[ E:\wamp\www\duduchuxing\application\index\controller\Index.php ]
[ info ] [ VIEW ] E:\wamp\www\duduchuxing\public/../application/index\view\index\index.html [ array (
) ]
[ info ] [ LOG ] INIT File
---------------------------------------------------------------
[ 2017-11-14T17:14:13+08:00 ] ::1 ::1 GET /
[ info ] localhost/ [运行时间：0.439454s][吞吐率：2.28req/s] [内存消耗：3,454.23kb] [文件加载：52]
[ info ] [ LANG ] E:\wamp\www\duduchuxing\thinkphp\lang\zh-cn.php
[ info ] [ ROUTE ] array (
  'type' => 'module',
  'module' => 
  array (
    0 => '',
    1 => NULL,
    2 => NULL,
  ),
)
[ info ] [ HEADER ] array (
  'host' => 'localhost',
  'connection' => 'keep-alive',
  'cache-control' => 'max-age=0',
  'user-agent' => 'Mozilla/5.0 (Windows NT 10.0; Win64; x64) AppleWebKit/537.36 (KHTML, like Gecko) Chrome/61.0.3163.100 Safari/537.36',
  'upgrade-insecure-requests' => '1',
  'accept' => 'text/html,application/xhtml+xml,application/xml;q=0.9,image/webp,image/apng,*/*;q=0.8',
  'accept-encoding' => 'gzip, deflate, br',
  'accept-language' => 'zh-CN,zh;q=0.8,ja;q=0.6',
  'cookie' => 'pgv_pvi=4227248128; pgv_si=s3402989568; thinkphp_show_page_trace=1|0',
)
[ info ] [ PARAM ] array (
)
[ info ] [ RUN ] app\index\controller\Index->index[ E:\wamp\www\duduchuxing\application\index\controller\Index.php ]
[ info ] [ VIEW ] E:\wamp\www\duduchuxing\public/../application/index\view\index\index.html [ array (
) ]
[ info ] [ LOG ] INIT File
---------------------------------------------------------------
[ 2017-11-14T18:39:32+08:00 ] ::1 ::1 GET /
[ info ] localhost/ [运行时间：0.763533s][吞吐率：1.31req/s] [内存消耗：3,188.48kb] [文件加载：50]
[ info ] [ LANG ] E:\wamp\www\duduchuxing\thinkphp\lang\zh-cn.php
[ info ] [ ROUTE ] array (
  'type' => 'module',
  'module' => 
  array (
    0 => '',
    1 => NULL,
    2 => NULL,
  ),
)
[ info ] [ HEADER ] array (
  'host' => 'localhost',
  'connection' => 'keep-alive',
  'user-agent' => 'Mozilla/5.0 (Windows NT 10.0; Win64; x64) AppleWebKit/537.36 (KHTML, like Gecko) Chrome/61.0.3163.100 Safari/537.36',
  'upgrade-insecure-requests' => '1',
  'accept' => 'text/html,application/xhtml+xml,application/xml;q=0.9,image/webp,image/apng,*/*;q=0.8',
  'accept-encoding' => 'gzip, deflate, br',
  'accept-language' => 'zh-CN,zh;q=0.8,ja;q=0.6',
  'cookie' => 'pgv_pvi=4227248128',
)
[ info ] [ PARAM ] array (
)
[ info ] [ RUN ] app\index\controller\Index->index[ E:\wamp\www\duduchuxing\application\index\controller\Index.php ]
[ info ] [ VIEW ] E:\wamp\www\duduchuxing\public/../application/index\view\index\index.html [ array (
) ]
[ info ] [ LOG ] INIT File
